<?xml version="1.0" encoding="UTF-8"?>
<!-- Generated by org.testng.reporters.JUnitReportReporter -->
<testsuite hostname="RishiPC" name="com.qa.base.BaseClass" tests="1" failures="0" timestamp="21 Oct 2022 06:02:40 GMT" time="1.334" errors="0">
  <testcase name="TestMethod" time="1.334" classname="com.qa.base.BaseClass"/>
</testsuite> <!-- com.qa.base.BaseClass -->
