<?xml version="1.0" encoding="UTF-8"?>
<!-- Generated by org.testng.reporters.JUnitReportReporter -->
<testsuite hostname="RishiPC" name="com.qa.testCases.DemoTestCases" tests="2" failures="0" timestamp="28 Oct 2022 19:52:31 GMT" time="16.484" errors="0">
  <testcase name="testMethod1" time="11.890" classname="com.qa.testCases.DemoTestCases"/>
  <testcase name="TestMethod" time="4.594" classname="com.qa.testCases.DemoTestCases"/>
</testsuite> <!-- com.qa.testCases.DemoTestCases -->
